C:\USERS\Администратор\DOCUMENTS\VISUAL STUDIO 2012\PROJECTS\GOLDREZSTRAFE-CPP\REZSTRAFE-CPP\DEBUG\OPTIONS.OBJ
C:\USERS\Администратор\DOCUMENTS\VISUAL STUDIO 2012\PROJECTS\GOLDREZSTRAFE-CPP\REZSTRAFE-CPP\DEBUG\MAIN.OBJ
C:\USERS\АДМИНИСТРАТОР\DOCUMENTS\VISUAL STUDIO 2012\PROJECTS\GOLDREZSTRAFE-CPP\REZSTRAFE-CPP\DEBUG\VC110.PDB
C:\USERS\Администратор\DOCUMENTS\VISUAL STUDIO 2012\PROJECTS\GOLDREZSTRAFE-CPP\DEBUG\REZSTRAFE-CPP.ILK
C:\USERS\Администратор\DOCUMENTS\VISUAL STUDIO 2012\PROJECTS\GOLDREZSTRAFE-CPP\DEBUG\REZSTRAFE-CPP.EXE
C:\USERS\АДМИНИСТРАТОР\DOCUMENTS\VISUAL STUDIO 2012\PROJECTS\GOLDREZSTRAFE-CPP\DEBUG\REZSTRAFE-CPP.PDB
C:\USERS\Администратор\DOCUMENTS\VISUAL STUDIO 2012\PROJECTS\GOLDREZSTRAFE-CPP\REZSTRAFE-CPP\DEBUG\RESOURCE.RES
C:\Users\Администратор\Documents\Visual Studio 2012\Projects\goldRezStrafe-cpp\RezStrafe-cpp\Debug\RezStrafecpp.main.resources
C:\Users\Администратор\Documents\Visual Studio 2012\Projects\goldRezStrafe-cpp\RezStrafe-cpp\Debug\RezStrafecpp.options.resources
C:\Users\Администратор\Documents\Visual Studio 2012\Projects\goldRezStrafe-cpp\RezStrafe-cpp\Debug\RezStrafe-cpp.vcxproj.GenerateResource.Cache
C:\Users\Администратор\Documents\Visual Studio 2012\Projects\goldRezStrafe-cpp\RezStrafe-cpp\Debug\main.obj
C:\Users\Администратор\Documents\Visual Studio 2012\Projects\goldRezStrafe-cpp\RezStrafe-cpp\Debug\options.obj
C:\Users\Администратор\Documents\Visual Studio 2012\Projects\goldRezStrafe-cpp\RezStrafe-cpp\Debug\cl.command.1.tlog
C:\Users\Администратор\Documents\Visual Studio 2012\Projects\goldRezStrafe-cpp\RezStrafe-cpp\Debug\CL.read.1.tlog
C:\Users\Администратор\Documents\Visual Studio 2012\Projects\goldRezStrafe-cpp\RezStrafe-cpp\Debug\CL.write.1.tlog
C:\Users\Администратор\Documents\Visual Studio 2012\Projects\goldRezStrafe-cpp\RezStrafe-cpp\Debug\link.1180-cvtres.read.1.tlog
C:\Users\Администратор\Documents\Visual Studio 2012\Projects\goldRezStrafe-cpp\RezStrafe-cpp\Debug\link.1180-cvtres.write.1.tlog
C:\Users\Администратор\Documents\Visual Studio 2012\Projects\goldRezStrafe-cpp\RezStrafe-cpp\Debug\link.1180-rc.read.1.tlog
C:\Users\Администратор\Documents\Visual Studio 2012\Projects\goldRezStrafe-cpp\RezStrafe-cpp\Debug\link.1180-rc.write.1.tlog
C:\Users\Администратор\Documents\Visual Studio 2012\Projects\goldRezStrafe-cpp\RezStrafe-cpp\Debug\link.1180.read.1.tlog
C:\Users\Администратор\Documents\Visual Studio 2012\Projects\goldRezStrafe-cpp\RezStrafe-cpp\Debug\link.1180.write.1.tlog
C:\Users\Администратор\Documents\Visual Studio 2012\Projects\goldRezStrafe-cpp\RezStrafe-cpp\Debug\link.1188-cvtres.read.1.tlog
C:\Users\Администратор\Documents\Visual Studio 2012\Projects\goldRezStrafe-cpp\RezStrafe-cpp\Debug\link.1188-cvtres.write.1.tlog
C:\Users\Администратор\Documents\Visual Studio 2012\Projects\goldRezStrafe-cpp\RezStrafe-cpp\Debug\link.1188-rc.read.1.tlog
C:\Users\Администратор\Documents\Visual Studio 2012\Projects\goldRezStrafe-cpp\RezStrafe-cpp\Debug\link.1188-rc.write.1.tlog
C:\Users\Администратор\Documents\Visual Studio 2012\Projects\goldRezStrafe-cpp\RezStrafe-cpp\Debug\link.1188.read.1.tlog
C:\Users\Администратор\Documents\Visual Studio 2012\Projects\goldRezStrafe-cpp\RezStrafe-cpp\Debug\link.1188.write.1.tlog
C:\Users\Администратор\Documents\Visual Studio 2012\Projects\goldRezStrafe-cpp\RezStrafe-cpp\Debug\link.2664-cvtres.read.1.tlog
C:\Users\Администратор\Documents\Visual Studio 2012\Projects\goldRezStrafe-cpp\RezStrafe-cpp\Debug\link.2664-cvtres.write.1.tlog
C:\Users\Администратор\Documents\Visual Studio 2012\Projects\goldRezStrafe-cpp\RezStrafe-cpp\Debug\link.2664-rc.read.1.tlog
C:\Users\Администратор\Documents\Visual Studio 2012\Projects\goldRezStrafe-cpp\RezStrafe-cpp\Debug\link.2664-rc.write.1.tlog
C:\Users\Администратор\Documents\Visual Studio 2012\Projects\goldRezStrafe-cpp\RezStrafe-cpp\Debug\link.2664.read.1.tlog
C:\Users\Администратор\Documents\Visual Studio 2012\Projects\goldRezStrafe-cpp\RezStrafe-cpp\Debug\link.2664.write.1.tlog
C:\Users\Администратор\Documents\Visual Studio 2012\Projects\goldRezStrafe-cpp\RezStrafe-cpp\Debug\link.2676-cvtres.read.1.tlog
C:\Users\Администратор\Documents\Visual Studio 2012\Projects\goldRezStrafe-cpp\RezStrafe-cpp\Debug\link.2676-cvtres.write.1.tlog
C:\Users\Администратор\Documents\Visual Studio 2012\Projects\goldRezStrafe-cpp\RezStrafe-cpp\Debug\link.2676-rc.read.1.tlog
C:\Users\Администратор\Documents\Visual Studio 2012\Projects\goldRezStrafe-cpp\RezStrafe-cpp\Debug\link.2676-rc.write.1.tlog
C:\Users\Администратор\Documents\Visual Studio 2012\Projects\goldRezStrafe-cpp\RezStrafe-cpp\Debug\link.2676.read.1.tlog
C:\Users\Администратор\Documents\Visual Studio 2012\Projects\goldRezStrafe-cpp\RezStrafe-cpp\Debug\link.2676.write.1.tlog
C:\Users\Администратор\Documents\Visual Studio 2012\Projects\goldRezStrafe-cpp\RezStrafe-cpp\Debug\link.2880-cvtres.read.1.tlog
C:\Users\Администратор\Documents\Visual Studio 2012\Projects\goldRezStrafe-cpp\RezStrafe-cpp\Debug\link.2880-cvtres.write.1.tlog
C:\Users\Администратор\Documents\Visual Studio 2012\Projects\goldRezStrafe-cpp\RezStrafe-cpp\Debug\link.2880-rc.read.1.tlog
C:\Users\Администратор\Documents\Visual Studio 2012\Projects\goldRezStrafe-cpp\RezStrafe-cpp\Debug\link.2880-rc.write.1.tlog
C:\Users\Администратор\Documents\Visual Studio 2012\Projects\goldRezStrafe-cpp\RezStrafe-cpp\Debug\link.2880.read.1.tlog
C:\Users\Администратор\Documents\Visual Studio 2012\Projects\goldRezStrafe-cpp\RezStrafe-cpp\Debug\link.2880.write.1.tlog
C:\Users\Администратор\Documents\Visual Studio 2012\Projects\goldRezStrafe-cpp\RezStrafe-cpp\Debug\link.3080-cvtres.read.1.tlog
C:\Users\Администратор\Documents\Visual Studio 2012\Projects\goldRezStrafe-cpp\RezStrafe-cpp\Debug\link.3080-cvtres.write.1.tlog
C:\Users\Администратор\Documents\Visual Studio 2012\Projects\goldRezStrafe-cpp\RezStrafe-cpp\Debug\link.3080-rc.read.1.tlog
C:\Users\Администратор\Documents\Visual Studio 2012\Projects\goldRezStrafe-cpp\RezStrafe-cpp\Debug\link.3080-rc.write.1.tlog
C:\Users\Администратор\Documents\Visual Studio 2012\Projects\goldRezStrafe-cpp\RezStrafe-cpp\Debug\link.3080.read.1.tlog
C:\Users\Администратор\Documents\Visual Studio 2012\Projects\goldRezStrafe-cpp\RezStrafe-cpp\Debug\link.3080.write.1.tlog
C:\Users\Администратор\Documents\Visual Studio 2012\Projects\goldRezStrafe-cpp\RezStrafe-cpp\Debug\link.3088-cvtres.read.1.tlog
C:\Users\Администратор\Documents\Visual Studio 2012\Projects\goldRezStrafe-cpp\RezStrafe-cpp\Debug\link.3088-cvtres.write.1.tlog
C:\Users\Администратор\Documents\Visual Studio 2012\Projects\goldRezStrafe-cpp\RezStrafe-cpp\Debug\link.3088-rc.read.1.tlog
C:\Users\Администратор\Documents\Visual Studio 2012\Projects\goldRezStrafe-cpp\RezStrafe-cpp\Debug\link.3088-rc.write.1.tlog
C:\Users\Администратор\Documents\Visual Studio 2012\Projects\goldRezStrafe-cpp\RezStrafe-cpp\Debug\link.3088.read.1.tlog
C:\Users\Администратор\Documents\Visual Studio 2012\Projects\goldRezStrafe-cpp\RezStrafe-cpp\Debug\link.3088.write.1.tlog
C:\Users\Администратор\Documents\Visual Studio 2012\Projects\goldRezStrafe-cpp\RezStrafe-cpp\Debug\link.3340-cvtres.read.1.tlog
C:\Users\Администратор\Documents\Visual Studio 2012\Projects\goldRezStrafe-cpp\RezStrafe-cpp\Debug\link.3340-cvtres.write.1.tlog
C:\Users\Администратор\Documents\Visual Studio 2012\Projects\goldRezStrafe-cpp\RezStrafe-cpp\Debug\link.3340-rc.read.1.tlog
C:\Users\Администратор\Documents\Visual Studio 2012\Projects\goldRezStrafe-cpp\RezStrafe-cpp\Debug\link.3340-rc.write.1.tlog
C:\Users\Администратор\Documents\Visual Studio 2012\Projects\goldRezStrafe-cpp\RezStrafe-cpp\Debug\link.3340.read.1.tlog
C:\Users\Администратор\Documents\Visual Studio 2012\Projects\goldRezStrafe-cpp\RezStrafe-cpp\Debug\link.3340.write.1.tlog
C:\Users\Администратор\Documents\Visual Studio 2012\Projects\goldRezStrafe-cpp\RezStrafe-cpp\Debug\link.3352-cvtres.read.1.tlog
C:\Users\Администратор\Documents\Visual Studio 2012\Projects\goldRezStrafe-cpp\RezStrafe-cpp\Debug\link.3352-cvtres.write.1.tlog
C:\Users\Администратор\Documents\Visual Studio 2012\Projects\goldRezStrafe-cpp\RezStrafe-cpp\Debug\link.3352-rc.read.1.tlog
C:\Users\Администратор\Documents\Visual Studio 2012\Projects\goldRezStrafe-cpp\RezStrafe-cpp\Debug\link.3352-rc.write.1.tlog
C:\Users\Администратор\Documents\Visual Studio 2012\Projects\goldRezStrafe-cpp\RezStrafe-cpp\Debug\link.3352.read.1.tlog
C:\Users\Администратор\Documents\Visual Studio 2012\Projects\goldRezStrafe-cpp\RezStrafe-cpp\Debug\link.3352.write.1.tlog
C:\Users\Администратор\Documents\Visual Studio 2012\Projects\goldRezStrafe-cpp\RezStrafe-cpp\Debug\link.3532-cvtres.read.1.tlog
C:\Users\Администратор\Documents\Visual Studio 2012\Projects\goldRezStrafe-cpp\RezStrafe-cpp\Debug\link.3532-cvtres.write.1.tlog
C:\Users\Администратор\Documents\Visual Studio 2012\Projects\goldRezStrafe-cpp\RezStrafe-cpp\Debug\link.3532-rc.read.1.tlog
C:\Users\Администратор\Documents\Visual Studio 2012\Projects\goldRezStrafe-cpp\RezStrafe-cpp\Debug\link.3532-rc.write.1.tlog
C:\Users\Администратор\Documents\Visual Studio 2012\Projects\goldRezStrafe-cpp\RezStrafe-cpp\Debug\link.3532.read.1.tlog
C:\Users\Администратор\Documents\Visual Studio 2012\Projects\goldRezStrafe-cpp\RezStrafe-cpp\Debug\link.3532.write.1.tlog
C:\Users\Администратор\Documents\Visual Studio 2012\Projects\goldRezStrafe-cpp\RezStrafe-cpp\Debug\link.3912-cvtres.read.1.tlog
C:\Users\Администратор\Documents\Visual Studio 2012\Projects\goldRezStrafe-cpp\RezStrafe-cpp\Debug\link.3912-cvtres.write.1.tlog
C:\Users\Администратор\Documents\Visual Studio 2012\Projects\goldRezStrafe-cpp\RezStrafe-cpp\Debug\link.3912-rc.read.1.tlog
C:\Users\Администратор\Documents\Visual Studio 2012\Projects\goldRezStrafe-cpp\RezStrafe-cpp\Debug\link.3912-rc.write.1.tlog
C:\Users\Администратор\Documents\Visual Studio 2012\Projects\goldRezStrafe-cpp\RezStrafe-cpp\Debug\link.3912.read.1.tlog
C:\Users\Администратор\Documents\Visual Studio 2012\Projects\goldRezStrafe-cpp\RezStrafe-cpp\Debug\link.3912.write.1.tlog
C:\Users\Администратор\Documents\Visual Studio 2012\Projects\goldRezStrafe-cpp\RezStrafe-cpp\Debug\link.3924-cvtres.read.1.tlog
C:\Users\Администратор\Documents\Visual Studio 2012\Projects\goldRezStrafe-cpp\RezStrafe-cpp\Debug\link.3924-cvtres.write.1.tlog
C:\Users\Администратор\Documents\Visual Studio 2012\Projects\goldRezStrafe-cpp\RezStrafe-cpp\Debug\link.3924-rc.read.1.tlog
C:\Users\Администратор\Documents\Visual Studio 2012\Projects\goldRezStrafe-cpp\RezStrafe-cpp\Debug\link.3924-rc.write.1.tlog
C:\Users\Администратор\Documents\Visual Studio 2012\Projects\goldRezStrafe-cpp\RezStrafe-cpp\Debug\link.3924.read.1.tlog
C:\Users\Администратор\Documents\Visual Studio 2012\Projects\goldRezStrafe-cpp\RezStrafe-cpp\Debug\link.3924.write.1.tlog
C:\Users\Администратор\Documents\Visual Studio 2012\Projects\goldRezStrafe-cpp\RezStrafe-cpp\Debug\link.3932-cvtres.read.1.tlog
C:\Users\Администратор\Documents\Visual Studio 2012\Projects\goldRezStrafe-cpp\RezStrafe-cpp\Debug\link.3932-cvtres.write.1.tlog
C:\Users\Администратор\Documents\Visual Studio 2012\Projects\goldRezStrafe-cpp\RezStrafe-cpp\Debug\link.3932-rc.read.1.tlog
C:\Users\Администратор\Documents\Visual Studio 2012\Projects\goldRezStrafe-cpp\RezStrafe-cpp\Debug\link.3932-rc.write.1.tlog
C:\Users\Администратор\Documents\Visual Studio 2012\Projects\goldRezStrafe-cpp\RezStrafe-cpp\Debug\link.3932.read.1.tlog
C:\Users\Администратор\Documents\Visual Studio 2012\Projects\goldRezStrafe-cpp\RezStrafe-cpp\Debug\link.3932.write.1.tlog
C:\Users\Администратор\Documents\Visual Studio 2012\Projects\goldRezStrafe-cpp\RezStrafe-cpp\Debug\link.4192-cvtres.read.1.tlog
C:\Users\Администратор\Documents\Visual Studio 2012\Projects\goldRezStrafe-cpp\RezStrafe-cpp\Debug\link.4192-cvtres.write.1.tlog
C:\Users\Администратор\Documents\Visual Studio 2012\Projects\goldRezStrafe-cpp\RezStrafe-cpp\Debug\link.4192-rc.read.1.tlog
C:\Users\Администратор\Documents\Visual Studio 2012\Projects\goldRezStrafe-cpp\RezStrafe-cpp\Debug\link.4192-rc.write.1.tlog
C:\Users\Администратор\Documents\Visual Studio 2012\Projects\goldRezStrafe-cpp\RezStrafe-cpp\Debug\link.4192.read.1.tlog
C:\Users\Администратор\Documents\Visual Studio 2012\Projects\goldRezStrafe-cpp\RezStrafe-cpp\Debug\link.4192.write.1.tlog
C:\Users\Администратор\Documents\Visual Studio 2012\Projects\goldRezStrafe-cpp\RezStrafe-cpp\Debug\link.4648-cvtres.read.1.tlog
C:\Users\Администратор\Documents\Visual Studio 2012\Projects\goldRezStrafe-cpp\RezStrafe-cpp\Debug\link.4648-cvtres.write.1.tlog
C:\Users\Администратор\Documents\Visual Studio 2012\Projects\goldRezStrafe-cpp\RezStrafe-cpp\Debug\link.4648-rc.read.1.tlog
C:\Users\Администратор\Documents\Visual Studio 2012\Projects\goldRezStrafe-cpp\RezStrafe-cpp\Debug\link.4648-rc.write.1.tlog
C:\Users\Администратор\Documents\Visual Studio 2012\Projects\goldRezStrafe-cpp\RezStrafe-cpp\Debug\link.4648.read.1.tlog
C:\Users\Администратор\Documents\Visual Studio 2012\Projects\goldRezStrafe-cpp\RezStrafe-cpp\Debug\link.4648.write.1.tlog
C:\Users\Администратор\Documents\Visual Studio 2012\Projects\goldRezStrafe-cpp\RezStrafe-cpp\Debug\link.4752-cvtres.read.1.tlog
C:\Users\Администратор\Documents\Visual Studio 2012\Projects\goldRezStrafe-cpp\RezStrafe-cpp\Debug\link.4752-cvtres.write.1.tlog
C:\Users\Администратор\Documents\Visual Studio 2012\Projects\goldRezStrafe-cpp\RezStrafe-cpp\Debug\link.4752-rc.read.1.tlog
C:\Users\Администратор\Documents\Visual Studio 2012\Projects\goldRezStrafe-cpp\RezStrafe-cpp\Debug\link.4752-rc.write.1.tlog
C:\Users\Администратор\Documents\Visual Studio 2012\Projects\goldRezStrafe-cpp\RezStrafe-cpp\Debug\link.4752.read.1.tlog
C:\Users\Администратор\Documents\Visual Studio 2012\Projects\goldRezStrafe-cpp\RezStrafe-cpp\Debug\link.4752.write.1.tlog
C:\Users\Администратор\Documents\Visual Studio 2012\Projects\goldRezStrafe-cpp\RezStrafe-cpp\Debug\link.4796-cvtres.read.1.tlog
C:\Users\Администратор\Documents\Visual Studio 2012\Projects\goldRezStrafe-cpp\RezStrafe-cpp\Debug\link.4796-cvtres.write.1.tlog
C:\Users\Администратор\Documents\Visual Studio 2012\Projects\goldRezStrafe-cpp\RezStrafe-cpp\Debug\link.4796-rc.read.1.tlog
C:\Users\Администратор\Documents\Visual Studio 2012\Projects\goldRezStrafe-cpp\RezStrafe-cpp\Debug\link.4796-rc.write.1.tlog
C:\Users\Администратор\Documents\Visual Studio 2012\Projects\goldRezStrafe-cpp\RezStrafe-cpp\Debug\link.4796.read.1.tlog
C:\Users\Администратор\Documents\Visual Studio 2012\Projects\goldRezStrafe-cpp\RezStrafe-cpp\Debug\link.4796.write.1.tlog
C:\Users\Администратор\Documents\Visual Studio 2012\Projects\goldRezStrafe-cpp\RezStrafe-cpp\Debug\link.5088-cvtres.read.1.tlog
C:\Users\Администратор\Documents\Visual Studio 2012\Projects\goldRezStrafe-cpp\RezStrafe-cpp\Debug\link.5088-cvtres.write.1.tlog
C:\Users\Администратор\Documents\Visual Studio 2012\Projects\goldRezStrafe-cpp\RezStrafe-cpp\Debug\link.5088-rc.read.1.tlog
C:\Users\Администратор\Documents\Visual Studio 2012\Projects\goldRezStrafe-cpp\RezStrafe-cpp\Debug\link.5088-rc.write.1.tlog
C:\Users\Администратор\Documents\Visual Studio 2012\Projects\goldRezStrafe-cpp\RezStrafe-cpp\Debug\link.5088.read.1.tlog
C:\Users\Администратор\Documents\Visual Studio 2012\Projects\goldRezStrafe-cpp\RezStrafe-cpp\Debug\link.5088.write.1.tlog
C:\Users\Администратор\Documents\Visual Studio 2012\Projects\goldRezStrafe-cpp\RezStrafe-cpp\Debug\link.872-cvtres.read.1.tlog
C:\Users\Администратор\Documents\Visual Studio 2012\Projects\goldRezStrafe-cpp\RezStrafe-cpp\Debug\link.872-cvtres.write.1.tlog
C:\Users\Администратор\Documents\Visual Studio 2012\Projects\goldRezStrafe-cpp\RezStrafe-cpp\Debug\link.872-rc.read.1.tlog
C:\Users\Администратор\Documents\Visual Studio 2012\Projects\goldRezStrafe-cpp\RezStrafe-cpp\Debug\link.872-rc.write.1.tlog
C:\Users\Администратор\Documents\Visual Studio 2012\Projects\goldRezStrafe-cpp\RezStrafe-cpp\Debug\link.872.read.1.tlog
C:\Users\Администратор\Documents\Visual Studio 2012\Projects\goldRezStrafe-cpp\RezStrafe-cpp\Debug\link.872.write.1.tlog
C:\Users\Администратор\Documents\Visual Studio 2012\Projects\goldRezStrafe-cpp\RezStrafe-cpp\Debug\link.command.1.tlog
C:\Users\Администратор\Documents\Visual Studio 2012\Projects\goldRezStrafe-cpp\RezStrafe-cpp\Debug\link.read.1.tlog
C:\Users\Администратор\Documents\Visual Studio 2012\Projects\goldRezStrafe-cpp\RezStrafe-cpp\Debug\link.write.1.tlog
C:\Users\Администратор\Documents\Visual Studio 2012\Projects\goldRezStrafe-cpp\RezStrafe-cpp\Debug\metagen.read.1.tlog
C:\Users\Администратор\Documents\Visual Studio 2012\Projects\goldRezStrafe-cpp\RezStrafe-cpp\Debug\metagen.write.1.tlog
C:\Users\Администратор\Documents\Visual Studio 2012\Projects\goldRezStrafe-cpp\RezStrafe-cpp\Debug\rc.command.1.tlog
C:\Users\Администратор\Documents\Visual Studio 2012\Projects\goldRezStrafe-cpp\RezStrafe-cpp\Debug\rc.read.1.tlog
C:\Users\Администратор\Documents\Visual Studio 2012\Projects\goldRezStrafe-cpp\RezStrafe-cpp\Debug\rc.write.1.tlog
C:\Users\Администратор\Documents\Visual Studio 2012\Projects\goldRezStrafe-cpp\RezStrafe-cpp\Debug\RezStrafe-cpp.write.1.tlog
C:\Users\Администратор\Documents\Visual Studio 2012\Projects\goldRezStrafe-cpp\RezStrafe-cpp\Debug\Resource.res
C:\Users\Администратор\Documents\Visual Studio 2012\Projects\goldRezStrafe-cpp\RezStrafe-cpp\Debug\vc110.pdb
C:\Users\Администратор\Documents\Visual Studio 2012\Projects\goldRezStrafe-cpp\RezStrafe-cpp\Debug\RSAENH.DLL.bi
C:\Users\Администратор\Documents\Visual Studio 2012\Projects\goldRezStrafe-cpp\RezStrafe-cpp\Debug\TZRES.DLL.bi
C:\Users\Администратор\Documents\Visual Studio 2012\Projects\goldRezStrafe-cpp\Debug\RezStrafe-cpp.pdb
C:\Users\Администратор\Documents\Visual Studio 2012\Projects\goldRezStrafe-cpp\Debug\RezStrafe-cpp.exe
C:\Users\Администратор\Documents\Visual Studio 2012\Projects\goldRezStrafe-cpp\Debug\RezStrafe-cpp.ilk
